<?xml version="1.0" encoding="UTF-8"?>
<!-- Generated by org.testng.reporters.JUnitXMLReporter -->
<testsuite hostname="IND-AKhambad2" ignored="0" name="Command line test" tests="2" failures="0" timestamp="17 Jul 2018 14:22:47 GMT" time="9.703" errors="0">
  <testcase name="Template" time="5.241" classname="app.autoamtion.MavenAutomation.Recruiting.Test_Job_Requisition_Template"/>
  <testcase name="TestAPICreateGroup" time="0.412" classname="app.autoamtion.MavenAutomation.registrationPage.API_Login_Test"/>
</testsuite> <!-- Command line test -->
